<?xml version="1.0" encoding="UTF-8"?>
<!-- Generated by org.testng.reporters.JUnitReportReporter -->
<testsuite skipped="0" hostname="zuhals-MacBook-Pro.local" name="com.qa.verzion.tests.Select_Phone_tests" tests="4" failures="0" timestamp="2020-10-09T20:35:57 CDT" time="6.473" errors="0">
  <testcase name="verifyHeader" time="0.053" classname="com.qa.verzion.tests.Select_Phone_tests"/>
  <system-out/>
  <testcase name="select" time="5.914" classname="com.qa.verzion.tests.Select_Phone_tests"/>
  <system-out/>
  <testcase name="thanks" time="0.081" classname="com.qa.verzion.tests.Select_Phone_tests"/>
  <system-out/>
  <testcase name="contClick" time="0.425" classname="com.qa.verzion.tests.Select_Phone_tests"/>
  <system-out/>
</testsuite> <!-- com.qa.verzion.tests.Select_Phone_tests -->
