<?xml version="1.0" encoding="UTF-8"?>
<!-- Generated by org.testng.reporters.JUnitReportReporter -->
<testsuite skipped="0" hostname="zuhals-MacBook-Pro.local" name="com.qa.verzion.tests.Add_Cart_tests" tests="6" failures="0" timestamp="2020-10-09T20:35:52 CDT" time="7.014" errors="0">
  <testcase name="newCostum" time="1.342" classname="com.qa.verzion.tests.Add_Cart_tests"/>
  <system-out/>
  <testcase name="verifyHeader" time="1.500" classname="com.qa.verzion.tests.Add_Cart_tests"/>
  <system-out/>
  <testcase name="clikCart" time="0.536" classname="com.qa.verzion.tests.Add_Cart_tests"/>
  <system-out/>
  <testcase name="menuMbl" time="0.263" classname="com.qa.verzion.tests.Add_Cart_tests"/>
  <system-out/>
  <testcase name="correctPhone" time="2.647" classname="com.qa.verzion.tests.Add_Cart_tests"/>
  <system-out/>
  <testcase name="saveCart" time="0.726" classname="com.qa.verzion.tests.Add_Cart_tests"/>
  <system-out/>
</testsuite> <!-- com.qa.verzion.tests.Add_Cart_tests -->
