<?xml version="1.0" encoding="UTF-8"?>
<!-- Generated by org.testng.reporters.JUnitReportReporter -->
<testsuite skipped="0" hostname="Hasan.local" name="com.qa.verzion.tests.MainPage_Verizon_test" tests="2" failures="0" timestamp="2020-10-17T20:46:00 CDT" time="12.122" errors="0">
  <testcase name="verifyMainPageTitle" time="3.014" classname="com.qa.verzion.tests.MainPage_Verizon_test"/>
  <system-out/>
  <testcase name="shop" time="9.108" classname="com.qa.verzion.tests.MainPage_Verizon_test"/>
  <system-out/>
</testsuite> <!-- com.qa.verzion.tests.MainPage_Verizon_test -->
